-------------------------------------------------------------------------------
Test set: DAOTest
-------------------------------------------------------------------------------
Tests run: 1, Failures: 0, Errors: 1, Skipped: 0, Time elapsed: 0.024 s <<< FAILURE! - in DAOTest
DAOTest  Time elapsed: 0.022 s  <<< ERROR!
java.nio.file.NoSuchFileException: app.properties
	at DAOTest.globalSetUp(DAOTest.java:52)

